facerecognition/build/outputs/logs/manifest-merger-debug-report.txt
-- Merging decision tree log ---
manifest
ADDED from AndroidManifest.xml:2:1
	package
		ADDED from AndroidManifest.xml:3:11
		INJECTED from AndroidManifest.xml:0:0
		INJECTED from AndroidManifest.xml:0:0
	android:versionName
		ADDED from AndroidManifest.xml:5:11
	android:versionCode
		ADDED from AndroidManifest.xml:4:11
		INJECTED from AndroidManifest.xml:0:0
		INJECTED from AndroidManifest.xml:0:0
	xmlns:android
		ADDED from AndroidManifest.xml:2:11
uses-permission#android.permission.WRITE_EXTERNAL_STORAGE
ADDED from AndroidManifest.xml:6:5
	android:name
		ADDED from AndroidManifest.xml:6:22
application
ADDED from AndroidManifest.xml:7:5
	android:label
		ADDED from AndroidManifest.xml:8:9
	android:icon
		ADDED from AndroidManifest.xml:9:9
	android:theme
		ADDED from AndroidManifest.xml:10:9
activity#org.opencv.javacv.facerecognition.FdActivity
ADDED from AndroidManifest.xml:12:9
	android:screenOrientation
		ADDED from AndroidManifest.xml:14:19
	android:label
		ADDED from AndroidManifest.xml:13:19
	android:configChanges
		ADDED from AndroidManifest.xml:15:19
	android:name
		ADDED from AndroidManifest.xml:12:19
intent-filter#android.intent.action.MAIN+android.intent.category.LAUNCHER
ADDED from AndroidManifest.xml:16:13
action#android.intent.action.MAIN
ADDED from AndroidManifest.xml:17:17
	android:name
		ADDED from AndroidManifest.xml:17:25
category#android.intent.category.LAUNCHER
ADDED from AndroidManifest.xml:18:17
	android:name
		ADDED from AndroidManifest.xml:18:27
activity#org.opencv.javacv.facerecognition.ImageGallery
ADDED from AndroidManifest.xml:22:9
	android:screenOrientation
		ADDED from AndroidManifest.xml:24:19
	android:label
		ADDED from AndroidManifest.xml:23:19
	android:configChanges
		ADDED from AndroidManifest.xml:25:19
	android:name
		ADDED from AndroidManifest.xml:22:19
intent-filter#android.intent.action.VIEW+android.intent.category.DEFAULT
ADDED from AndroidManifest.xml:26:9
action#android.intent.action.VIEW
ADDED from AndroidManifest.xml:27:3
	android:name
		ADDED from AndroidManifest.xml:27:11
category#android.intent.category.DEFAULT
ADDED from AndroidManifest.xml:28:3
	android:name
		ADDED from AndroidManifest.xml:28:13
supports-screens
ADDED from AndroidManifest.xml:34:5
	android:largeScreens
		ADDED from AndroidManifest.xml:37:23
	android:smallScreens
		ADDED from AndroidManifest.xml:35:23
	android:normalScreens
		ADDED from AndroidManifest.xml:36:23
	android:resizeable
		ADDED from AndroidManifest.xml:34:23
	android:anyDensity
		ADDED from AndroidManifest.xml:38:23
uses-sdk
ADDED from AndroidManifest.xml:40:5
MERGED from face-recognition:openCVLibrary2410:unspecified:7:5
	android:targetSdkVersion
		INJECTED from AndroidManifest.xml:0:0
		INJECTED from AndroidManifest.xml:0:0
	android:minSdkVersion
		ADDED from AndroidManifest.xml:40:15
		INJECTED from AndroidManifest.xml:0:0
		INJECTED from AndroidManifest.xml:0:0
uses-permission#android.permission.CAMERA
ADDED from AndroidManifest.xml:42:5
	android:name
		ADDED from AndroidManifest.xml:42:22
uses-feature#android.hardware.camera
ADDED from AndroidManifest.xml:44:5
	android:required
		ADDED from AndroidManifest.xml:44:58
	android:name
		ADDED from AndroidManifest.xml:44:19
uses-feature#android.hardware.camera.autofocus
ADDED from AndroidManifest.xml:45:5
	android:required
		ADDED from AndroidManifest.xml:45:68
	android:name
		ADDED from AndroidManifest.xml:45:19
uses-feature#android.hardware.camera.front
ADDED from AndroidManifest.xml:46:5
	android:required
		ADDED from AndroidManifest.xml:46:64
	android:name
		ADDED from AndroidManifest.xml:46:19
uses-feature#android.hardware.camera.front.autofocus
ADDED from AndroidManifest.xml:47:5
	android:required
		ADDED from AndroidManifest.xml:47:74
	android:name
		ADDED from AndroidManifest.xml:47:19